{"message":"Film with id of 6 was created","level":"info"}
{"message":"Film with id of 7 was created","level":"info"}
{"message":"Film with id of 8 was created","level":"info"}
{"message":"Bookmark with id 6 deleted.","level":"info"}
{"message":"Collection with id of 1 was created","level":"info"}
{"message":"Collection with id 1 deleted.","level":"info"}
{"message":"Collection with id of 2 was created","level":"info"}
{"message":"Film with id of 9 was created","level":"info"}
{"message":"Film with id of 10 was created","level":"info"}
{"message":"Film with id 9 deleted.","level":"info"}
{"message":"Film with id of 11 was created","level":"info"}
{"message":"Film with id of 12 was created","level":"info"}
{"message":"Film with id of 13 was created","level":"info"}
{"message":"Film with id 7 deleted.","level":"info"}
{"message":"Film with id 10 deleted.","level":"info"}
{"message":"Film with id 11 deleted.","level":"info"}
{"message":"Film with id 5 deleted.","level":"info"}
{"message":"Film with id of 14 was created","level":"info"}
{"message":"Film with id of 15 was created","level":"info"}
{"message":"Film with id 15 deleted.","level":"info"}
{"message":"Film with id 14 deleted.","level":"info"}
{"message":"Collection with id of 3 was created","level":"info"}
{"message":"Collection with id 3 deleted.","level":"info"}
{"message":"Collection with id 2 deleted.","level":"info"}
{"message":"Collection with id of 4 was created","level":"info"}
{"message":"Collection with id 4 deleted.","level":"info"}
{"message":"Collection with id of 5 was created","level":"info"}
{"message":"Collection with id of 6 was created","level":"info"}
{"message":"Collection with id 5 deleted.","level":"info"}
{"message":"Collection with id 6 deleted.","level":"info"}
{"message":"Collection with id of 7 was created","level":"info"}
{"message":"Collection with id 7 deleted.","level":"info"}
{"message":"Collection with id of 8 was created","level":"info"}
{"message":"Collection with id 8 deleted.","level":"info"}
{"message":"Collection with id of 9 was created","level":"info"}
{"message":"Collection with id 9 deleted.","level":"info"}
{"message":"Collection with id of 10 was created","level":"info"}
{"message":"Collection with id of 11 was created","level":"info"}
{"message":"Collection with id 10 deleted.","level":"info"}
{"message":"Collection with id 11 deleted.","level":"info"}
{"message":"Film with id of 16 was created","level":"info"}
{"message":"Collection with id of 12 was created","level":"info"}
{"message":"Collection with id 12 deleted.","level":"info"}
{"message":"Collection with id of 13 was created","level":"info"}
{"message":"Collection with id 13 deleted.","level":"info"}
{"message":"Collection with id of 14 was created","level":"info"}
{"message":"Collection with id 14 deleted.","level":"info"}
{"message":"Collection with id of 15 was created","level":"info"}
{"message":"Collection with id of 1 was created","level":"info"}
{"message":"Film with id of 17 was created","level":"info"}
{"message":"Collection with id of 2 was created","level":"info"}
{"message":"Film with id of 18 was created","level":"info"}
{"message":"Film with id 18 deleted.","level":"info"}
{"message":"Film with id 17 deleted.","level":"info"}
{"message":"Film with id 13 deleted.","level":"info"}
{"message":"Film with id 16 deleted.","level":"info"}
{"message":"Film with id of 19 was created","level":"info"}
{"message":"Film with id 19 deleted.","level":"info"}
{"message":"Film with id of 20 was created","level":"info"}
{"message":"Collection with id of 1 was created","level":"info"}
{"message":"Collection with id of 2 was created","level":"info"}
{"message":"Collection with id of 1 was created","level":"info"}
{"message":"Collection with id of 2 was created","level":"info"}
{"message":"Collection with id of 1 was created","level":"info"}
{"message":"Film with id of 1 was created","level":"info"}
{"message":"Film with id of 2 was created","level":"info"}
{"message":"Film with id of 3 was created","level":"info"}
{"message":"Film with id 3 deleted.","level":"info"}
{"message":"Film with id of 4 was created","level":"info"}
{"message":"Film with id of 5 was created","level":"info"}
{"message":"Film with id of 6 was created","level":"info"}
{"message":"Film with id 6 deleted.","level":"info"}
{"message":"Film with id 5 deleted.","level":"info"}
{"message":"Film with id 4 deleted.","level":"info"}
{"message":"Collection with id of 2 was created","level":"info"}
{"message":"Film with id of 7 was created","level":"info"}
{"message":"Film with id of 8 was created","level":"info"}
{"message":"Film with id of 9 was created","level":"info"}
{"message":"Film with id of 10 was created","level":"info"}
{"message":"Film with id of 11 was created","level":"info"}
{"message":"Film with id 11 deleted.","level":"info"}
{"message":"Film with id 10 deleted.","level":"info"}
{"message":"Film with id 9 deleted.","level":"info"}
{"message":"Film with id 8 deleted.","level":"info"}
{"message":"Film with id 7 deleted.","level":"info"}
{"message":"Film with id of 12 was created","level":"info"}
{"message":"Film with id of 13 was created","level":"info"}
{"message":"Film with id 13 deleted.","level":"info"}
{"message":"Film with id of 14 was created","level":"info"}
{"message":"Film with id 14 deleted.","level":"info"}
{"message":"Film with id of 15 was created","level":"info"}
{"message":"Film with id 15 deleted.","level":"info"}
{"message":"Film with id of 16 was created","level":"info"}
{"message":"Film with id of 17 was created","level":"info"}
{"message":"Film with id of 18 was created","level":"info"}
{"message":"Film with id of 19 was created","level":"info"}
{"message":"Collection with id of 3 was created","level":"info"}
{"message":"Collection with id of 4 was created","level":"info"}
{"message":"Film with id of 20 was created","level":"info"}
{"message":"Film with id 20 deleted.","level":"info"}
{"message":"Film with id 19 deleted.","level":"info"}
{"message":"Film with id 17 deleted.","level":"info"}
{"message":"Film with id 16 deleted.","level":"info"}
{"message":"Film with id 12 deleted.","level":"info"}
{"message":"Film with id 18 deleted.","level":"info"}
{"message":"Film with id 2 deleted.","level":"info"}
{"message":"Film with id 1 deleted.","level":"info"}
{"message":"Film with id of 21 was created","level":"info"}
{"message":"Film with id 21 deleted.","level":"info"}
{"message":"Film with id of 22 was created","level":"info"}
{"message":"Collection with id 4 deleted.","level":"info"}
{"message":"Film with id of 23 was created","level":"info"}
{"message":"Film with id 23 deleted.","level":"info"}
{"message":"Film with id of 24 was created","level":"info"}
{"message":"Film with id 22 deleted.","level":"info"}
{"message":"Film with id 1 deleted.","level":"info"}
{"message":"Film with id of 4 was created","level":"info"}
{"message":"Collection with id 2 deleted.","level":"info"}
{"message":"Film with id 2 deleted.","level":"info"}
{"message":"Film with id 3 deleted.","level":"info"}
{"message":"Collection with id of 3 was created","level":"info"}
{"message":"Collection with id of 3 was created","level":"info"}
